MPASM 5.87                          MAIN.ASM   7-30-2021  15:58:21         PAGE  1


LOC  OBJECT CODE     LINE SOURCE TEXT
  VALUE

                      00001 ;*******************************************************************************
                      00002 ; UFSC- Universidade Federal de Santa Catarina
                      00003 ; Projeto: Carro de transporte - Exercício 5
                      00004 ; Autor: Carlos Eduardo Vitorino Gomes
                      00005 ; Matrícula: 20102086   
                      00006 ; Se apertar botão, o carro anda até a comporta, enche e volta a posição inicial
                      00007 ;
                      00008 ;*******************************************************************************
                      00009 
                      00010 #include <P16F877A.INC>
                      00001         LIST
                      00002 
                      00003 ;==========================================================================
                      00004 ; Build date : Jan 06 2020
                      00005 ;  MPASM PIC16F877A processor include
                      00006 ; 
                      00007 ;  (c) Copyright 1999-2020 Microchip Technology, All rights reserved
                      00008 ;==========================================================================
                      00009 
                      00567         LIST
                      00011 
2007   3F39           00012   __CONFIG  _CP_OFF & _CPD_OFF & _DEBUG_OFF & _LVP_OFF & _WRT_OFF & _BODEN_OFF & _PWRTE_OFF & _WDT_OFF &
                             _XT_OSC
                      00013 
                      00014 ;***** defini??o de Vari?veis  *****************************
                      00015 ;cria constantes para o programa
                      00016 
                      00017         cblock 0x20
                      00018         
  00000020            00019                 tempo0          
  00000021            00020                 tempo1
  00000022            00021                 tempo2
  00000023            00022                 number
                      00023                                 
                      00024         endc 
                      00025 
                      00026 
                      00027 
                      00028 ;******** Vetor de Reset do uC**************
                      00029 
                      00030  org 0x00                               ; Vetor de reset do uC.
0000   2???           00031  goto inicio                        ; Desvia para o inicio do programa.
                      00032  
                      00033  ;***************** criação de subrotinas******************************************
0001                  00034 delay_ms:
0001   00A2           00035         movwf   tempo2          
0002   30FF           00036 conta:          movlw   .255
0003   00A1           00037         movwf   tempo1          ; Carrega tempo1 (Unidade de ms).
0004   30FF           00038         movlw   .255
0005   00A0           00039         movwf   tempo0          ; Carrega tempo0 (Para contar 1ms).
0006   0000           00040         nop                                     ; Perde tempo.
0007   0BA0           00041         decfsz  tempo0,F        ; Fim de tempo0 ?
0008   2???           00042         goto    $-2                     ; N?o - Volta duas instru??es.
MPASM 5.87                          MAIN.ASM   7-30-2021  15:58:21         PAGE  2


LOC  OBJECT CODE     LINE SOURCE TEXT
  VALUE

                      00043                                                 ; Sim - Passou-se 1ms.
0009   0BA1           00044         decfsz  tempo1,F        ; Fim de tempo1 ?
000A   2???           00045         goto    $-6                     ; N?o - Volta seis instru??es.
                      00046         
000B   0BA2           00047     decfsz tempo2, F
000C   2???           00048     goto   conta
                      00049                                 ; Sim.
000D   0008           00050  return                         ; Retorna.
                      00051 
                      00052 
                      00053 ;****************** Inicio do programa *****************************************
                      00054 
000E                  00055 inicio:
000E   0185           00056         clrf    PORTA           ; Inicializa os Port's. Coloca todas pinos em 0.
000F   0186           00057         clrf    PORTB
0010   0187           00058         clrf    PORTC
0011   0188           00059         clrf    PORTD
0012   0189           00060         clrf    PORTE
                      00061 
0013   1683 1303      00062         banksel TRISA
0015   30FF           00063         movlw   0xff
Message[302]: Register in operand not in bank 0.  Ensure that bank bits are correct.
0016   0086           00064         movwf   TRISB           ; Configura PortB como saida
0017   3000           00065         movlw   0x00
Message[302]: Register in operand not in bank 0.  Ensure that bank bits are correct.
0018   0087           00066         movwf   TRISC           ; Configura PortC como saida
0019   3000           00067         movlw   0x00
Message[302]: Register in operand not in bank 0.  Ensure that bank bits are correct.
001A   0085           00068         movwf   TRISA           ; Configura PortA como saida
001B   3000           00069         movlw   0x00
Message[302]: Register in operand not in bank 0.  Ensure that bank bits are correct.
001C   0088           00070         movwf   TRISD           ; Configura PortD como saida
                      00071 
001D   3000           00072         movlw   0x00
Message[302]: Register in operand not in bank 0.  Ensure that bank bits are correct.
001E   0081           00073         movwf   OPTION_REG      ; Configura Op??es:
                      00074                                 ; Pull-Up habilitados.
                      00075                                 ; Interrup??o na borda de subida do sinal no pino B0.
                      00076                                 ; Timer0 incrementado pelo oscilador interno.
                      00077                                 ; Prescaler WDT 1:1.
                      00078                                 ; Prescaler Timer0 1:2.
                      00079         
                      00080         
                      00081 
001F   1283 1303      00082         banksel PORTA           ; Seleciona banco de mem?ria 0.
                      00083 
                      00084 ;*********************** Loop principal ****************************************
0021                  00085 loop: 
0021   0806           00086     movf    PORTB,W
0022   1C06           00087     btfss   PORTB,0
0023   2???           00088     goto    checkIncrementar
0024   0806           00089     movf    PORTB,W
0025   1C86           00090     btfss   PORTB,1
MPASM 5.87                          MAIN.ASM   7-30-2021  15:58:21         PAGE  3


LOC  OBJECT CODE     LINE SOURCE TEXT
  VALUE

0026   2???           00091     goto    checkDecrementar
0027   0806           00092     movf    PORTB,W
0028   1D06           00093     btfss   PORTB,2
0029   2???           00094     goto    confirmNumber
002A   2???           00095     goto    loop        
                      00096      
002B                  00097 incrementar:
Message[305]: Using default destination of 1 (file).
002B   0A88           00098     incf    PORTD
002C   3001           00099     movlw   .1
002D   2???           00100     call    delay_ms
002E   2???           00101     goto    loop   
                      00102     
                      00103 
002F                  00104 decrementar: 
Message[305]: Using default destination of 1 (file).
002F   0388           00105     decf    PORTD
0030   3001           00106     movlw   .1
0031   2???           00107     call    delay_ms
0032   2???           00108     goto    loop
                      00109     
0033                  00110 checkIncrementar:
0033   2???           00111     goto    checkMax
Warning[207]: Found label after column 1. (continueIncrement)
0034                  00112     continueIncrement:
0034   1C08           00113         btfss   PORTD,0
0035   2???           00114         goto    incrementar
0036   1888           00115         btfsc   PORTD,1
0037   2???           00116         goto    incrementar
0038   1908           00117         btfsc   PORTD,2
0039   2???           00118         goto    incrementar
003A   1D88           00119         btfss   PORTD,3
003B   2???           00120         goto    incrementar 
003C   3007           00121         movlw   0x07
Message[305]: Using default destination of 1 (file).
003D   0788           00122         addwf   PORTD
003E   3001           00123         movlw   .1
003F   2???           00124         call    delay_ms
0040   2???           00125         goto    loop   
                      00126    
0041                  00127 checkDecrementar:
0041   2???           00128     goto    checkZero
Warning[207]: Found label after column 1. (continueDecrement)
0042                  00129     continueDecrement: 
0042   1808           00130         btfsc   PORTD,0
0043   2???           00131         goto    decrementar
0044   1888           00132         btfsc   PORTD,1
0045   2???           00133         goto    decrementar
0046   1908           00134         btfsc   PORTD,2
0047   2???           00135         goto    decrementar
0048   1988           00136         btfsc   PORTD,3
0049   2???           00137         goto    decrementar
004A   3007           00138         movlw   0x07
MPASM 5.87                          MAIN.ASM   7-30-2021  15:58:21         PAGE  4


LOC  OBJECT CODE     LINE SOURCE TEXT
  VALUE

Message[305]: Using default destination of 1 (file).
004B   0288           00139         subwf   PORTD
004C   3001           00140         movlw   .1
004D   2???           00141         call    delay_ms
004E   2???           00142         goto    loop   
                      00143     
004F                  00144 checkZero:   
004F   0808           00145     movf    PORTD, W
0050   3C00           00146     sublw   .0
0051   1D03           00147     btfss   STATUS, 2
0052   2???           00148     goto    continueDecrement
                      00149      
0053   3001           00150     movlw   .1
0054   2???           00151     call    delay_ms
0055   2???           00152     goto    loop
                      00153      
0056                  00154 checkMax:    
0056   0808           00155     movf    PORTD, W
0057   3C99           00156     sublw   0x99
0058   1D03           00157     btfss   STATUS, 2
0059   2???           00158     goto    continueIncrement
                      00159      
005A   3001           00160     movlw   .1
005B   2???           00161     call    delay_ms
005C   2???           00162     goto    loop
                      00163     
005D                  00164 confirmNumber:
005D   0808           00165     movf    PORTD, W
005E   00A3           00166     movwf   number
005F   0188           00167     clrf    PORTD
0060   2???           00168     goto    secondLoop
                      00169      
0061                  00170 secondLoop:
0061   0806           00171     movf    PORTB,W
0062   1D86           00172     btfss   PORTB,3
0063   2???           00173     goto    pulse
0064   2???           00174     goto    secondLoop  
                      00175   
0065                  00176 pulse:
0065   1C08           00177     btfss   PORTD,0
0066   2???           00178     goto    incrementPulse
0067   1888           00179     btfsc   PORTD,1
0068   2???           00180     goto    incrementPulse
0069   1908           00181     btfsc   PORTD,2
006A   2???           00182     goto    incrementPulse
006B   1D88           00183     btfss   PORTD,3
006C   2???           00184     goto    incrementPulse 
006D   3007           00185     movlw   0x07
Message[305]: Using default destination of 1 (file).
006E   0788           00186     addwf   PORTD
006F   3001           00187     movlw   .1
0070   2???           00188     call    delay_ms
0071   2???           00189     goto    checkNumber
MPASM 5.87                          MAIN.ASM   7-30-2021  15:58:21         PAGE  5


LOC  OBJECT CODE     LINE SOURCE TEXT
  VALUE

                      00190     
Warning[207]: Found label after column 1. (incrementPulse)
0072                  00191     incrementPulse:
Message[305]: Using default destination of 1 (file).
0072   0A88           00192         incf    PORTD
0073   3001           00193         movlw   .1
0074   2???           00194         call    delay_ms
0075   2???           00195         goto    checkNumber
                      00196                 
0076                  00197 checkNumber:
0076   0823           00198     MOVF   number, W
0077   0208           00199     subwf   PORTD, 0
0078   1D03           00200     btfss   STATUS, 2
0079   2???           00201     goto    secondLoop
007A   0188           00202     clrf    PORTD
007B   1607           00203     bsf     PORTC,4
007C   3008           00204     movlw   .8
007D   2???           00205     call    delay_ms
007E   1207           00206     bcf     PORTC,4
007F   2???           00207     goto    loop
                      00208      
3F39                  00209     end 
MPASM 5.87                          MAIN.ASM   7-30-2021  15:58:21         PAGE  6


SYMBOL TABLE
  LABEL                             VALUE 

ACKDT                             00000005
ACKEN                             00000004
ACKSTAT                           00000006
ADCON0                            0000001F
ADCON1                            0000009F
ADCS0                             00000006
ADCS1                             00000007
ADCS2                             00000006
ADDEN                             00000003
ADFM                              00000007
ADIE                              00000006
ADIF                              00000006
ADON                              00000000
ADRESH                            0000001E
ADRESL                            0000009E
BCLIE                             00000003
BCLIF                             00000003
BF                                00000000
BRGH                              00000002
C                                 00000000
C1INV                             00000004
C1OUT                             00000006
C2INV                             00000005
C2OUT                             00000007
CCP1CON                           00000017
CCP1IE                            00000002
CCP1IF                            00000002
CCP1M0                            00000000
CCP1M1                            00000001
CCP1M2                            00000002
CCP1M3                            00000003
CCP1X                             00000005
CCP1Y                             00000004
CCP2CON                           0000001D
CCP2IE                            00000000
CCP2IF                            00000000
CCP2M0                            00000000
CCP2M1                            00000001
CCP2M2                            00000002
CCP2M3                            00000003
CCP2X                             00000005
CCP2Y                             00000004
CCPR1                             00000015
CCPR1H                            00000016
CCPR1L                            00000015
CCPR2                             0000001B
CCPR2H                            0000001C
CCPR2L                            0000001B
CHS0                              00000003
CHS1                              00000004
CHS2                              00000005
CIS                               00000003
CKE                               00000006
MPASM 5.87                          MAIN.ASM   7-30-2021  15:58:21         PAGE  7


SYMBOL TABLE
  LABEL                             VALUE 

CKP                               00000004
CM0                               00000000
CM1                               00000001
CM2                               00000002
CMCON                             0000009C
CMIE                              00000006
CMIF                              00000006
CREN                              00000004
CSRC                              00000007
CVR0                              00000000
CVR1                              00000001
CVR2                              00000002
CVR3                              00000003
CVRCON                            0000009D
CVREN                             00000007
CVROE                             00000006
CVRR                              00000005
D                                 00000005
DATA_ADDRESS                      00000005
DC                                00000001
D_A                               00000005
D_NOT_A                           00000005
EEADR                             0000010D
EEADRH                            0000010F
EECON1                            0000018C
EECON2                            0000018D
EEDATA                            0000010C
EEDATH                            0000010E
EEIE                              00000004
EEIF                              00000004
EEPGD                             00000007
F                                 00000001
FERR                              00000002
FSR                               00000004
GCEN                              00000007
GIE                               00000007
GO                                00000002
GO_DONE                           00000002
GO_NOT_DONE                       00000002
I2C_DATA                          00000005
I2C_READ                          00000002
I2C_START                         00000003
I2C_STOP                          00000004
IBF                               00000007
IBOV                              00000005
INDF                              00000000
INTCON                            0000000B
INTE                              00000004
INTEDG                            00000006
INTF                              00000001
IRP                               00000007
NOT_A                             00000005
NOT_ADDRESS                       00000005
MPASM 5.87                          MAIN.ASM   7-30-2021  15:58:21         PAGE  8


SYMBOL TABLE
  LABEL                             VALUE 

NOT_BO                            00000000
NOT_BOR                           00000000
NOT_DONE                          00000002
NOT_PD                            00000003
NOT_POR                           00000001
NOT_RBPU                          00000007
NOT_RC8                           00000006
NOT_T1SYNC                        00000002
NOT_TO                            00000004
NOT_TX8                           00000006
NOT_W                             00000002
NOT_WRITE                         00000002
OBF                               00000006
OERR                              00000001
OPTION_REG                        00000081
P                                 00000004
PCFG0                             00000000
PCFG1                             00000001
PCFG2                             00000002
PCFG3                             00000003
PCL                               00000002
PCLATH                            0000000A
PCON                              0000008E
PEIE                              00000006
PEN                               00000002
PIE1                              0000008C
PIE2                              0000008D
PIR1                              0000000C
PIR2                              0000000D
PORTA                             00000005
PORTB                             00000006
PORTC                             00000007
PORTD                             00000008
PORTE                             00000009
PR2                               00000092
PS0                               00000000
PS1                               00000001
PS2                               00000002
PSA                               00000003
PSPIE                             00000007
PSPIF                             00000007
PSPMODE                           00000004
R                                 00000002
RA0                               00000000
RA1                               00000001
RA2                               00000002
RA3                               00000003
RA4                               00000004
RA5                               00000005
RB0                               00000000
RB1                               00000001
RB2                               00000002
RB3                               00000003
MPASM 5.87                          MAIN.ASM   7-30-2021  15:58:21         PAGE  9


SYMBOL TABLE
  LABEL                             VALUE 

RB4                               00000004
RB5                               00000005
RB6                               00000006
RB7                               00000007
RBIE                              00000003
RBIF                              00000000
RC0                               00000000
RC1                               00000001
RC2                               00000002
RC3                               00000003
RC4                               00000004
RC5                               00000005
RC6                               00000006
RC7                               00000007
RC8_9                             00000006
RC9                               00000006
RCD8                              00000000
RCEN                              00000003
RCIE                              00000005
RCIF                              00000005
RCREG                             0000001A
RCSTA                             00000018
RD                                00000000
RD0                               00000000
RD1                               00000001
RD2                               00000002
RD3                               00000003
RD4                               00000004
RD5                               00000005
RD6                               00000006
RD7                               00000007
RE0                               00000000
RE1                               00000001
RE2                               00000002
READ_WRITE                        00000002
RP0                               00000005
RP1                               00000006
RSEN                              00000001
RX9                               00000006
RX9D                              00000000
R_NOT_W                           00000002
R_W                               00000002
S                                 00000003
SEN                               00000000
SMP                               00000007
SPBRG                             00000099
SPEN                              00000007
SREN                              00000005
SSPADD                            00000093
SSPBUF                            00000013
SSPCON                            00000014
SSPCON2                           00000091
SSPEN                             00000005
MPASM 5.87                          MAIN.ASM   7-30-2021  15:58:21         PAGE 10


SYMBOL TABLE
  LABEL                             VALUE 

SSPIE                             00000003
SSPIF                             00000003
SSPM0                             00000000
SSPM1                             00000001
SSPM2                             00000002
SSPM3                             00000003
SSPOV                             00000006
SSPSTAT                           00000094
STATUS                            00000003
SYNC                              00000004
T0CS                              00000005
T0IE                              00000005
T0IF                              00000002
T0SE                              00000004
T1CKPS0                           00000004
T1CKPS1                           00000005
T1CON                             00000010
T1INSYNC                          00000002
T1OSCEN                           00000003
T1SYNC                            00000002
T2CKPS0                           00000000
T2CKPS1                           00000001
T2CON                             00000012
TMR0                              00000001
TMR0IE                            00000005
TMR0IF                            00000002
TMR1                              0000000E
TMR1CS                            00000001
TMR1H                             0000000F
TMR1IE                            00000000
TMR1IF                            00000000
TMR1L                             0000000E
TMR1ON                            00000000
TMR2                              00000011
TMR2IE                            00000001
TMR2IF                            00000001
TMR2ON                            00000002
TOUTPS0                           00000003
TOUTPS1                           00000004
TOUTPS2                           00000005
TOUTPS3                           00000006
TRISA                             00000085
TRISA0                            00000000
TRISA1                            00000001
TRISA2                            00000002
TRISA3                            00000003
TRISA4                            00000004
TRISA5                            00000005
TRISB                             00000086
TRISB0                            00000000
TRISB1                            00000001
TRISB2                            00000002
TRISB3                            00000003
MPASM 5.87                          MAIN.ASM   7-30-2021  15:58:21         PAGE 11


SYMBOL TABLE
  LABEL                             VALUE 

TRISB4                            00000004
TRISB5                            00000005
TRISB6                            00000006
TRISB7                            00000007
TRISC                             00000087
TRISC0                            00000000
TRISC1                            00000001
TRISC2                            00000002
TRISC3                            00000003
TRISC4                            00000004
TRISC5                            00000005
TRISC6                            00000006
TRISC7                            00000007
TRISD                             00000088
TRISD0                            00000000
TRISD1                            00000001
TRISD2                            00000002
TRISD3                            00000003
TRISD4                            00000004
TRISD5                            00000005
TRISD6                            00000006
TRISD7                            00000007
TRISE                             00000089
TRISE0                            00000000
TRISE1                            00000001
TRISE2                            00000002
TRMT                              00000001
TX8_9                             00000006
TX9                               00000006
TX9D                              00000000
TXD8                              00000000
TXEN                              00000005
TXIE                              00000004
TXIF                              00000004
TXREG                             00000019
TXSTA                             00000098
UA                                00000001
W                                 00000000
WCOL                              00000007
WR                                00000001
WREN                              00000002
WRERR                             00000003
Z                                 00000002
_.org_0_0008                      00000008
_.org_0_000A                      0000000A
_BODEN_OFF                        00003FBF
_BODEN_ON                         00003FFF
_BOREN_OFF                        00003FBF
_BOREN_ON                         00003FFF
_CONFIG                           00002007
_CPD_OFF                          00003FFF
_CPD_ON                           00003EFF
_CP_ALL                           00001FFF
MPASM 5.87                          MAIN.ASM   7-30-2021  15:58:21         PAGE 12


SYMBOL TABLE
  LABEL                             VALUE 

_CP_OFF                           00003FFF
_CP_ON                            00001FFF
_DEBUG_OFF                        00003FFF
_DEBUG_ON                         000037FF
_DEVID1                           00002006
_FOSC_EXTRC                       00003FFF
_FOSC_HS                          00003FFE
_FOSC_LP                          00003FFC
_FOSC_XT                          00003FFD
_HS_OSC                           00003FFE
_IDLOC0                           00002000
_IDLOC1                           00002001
_IDLOC2                           00002002
_IDLOC3                           00002003
_LP_OSC                           00003FFC
_LVP_OFF                          00003F7F
_LVP_ON                           00003FFF
_PWRTE_OFF                        00003FFF
_PWRTE_ON                         00003FF7
_RC_OSC                           00003FFF
_WDTE_OFF                         00003FFB
_WDTE_ON                          00003FFF
_WDT_OFF                          00003FFB
_WDT_ON                           00003FFF
_WRT_1FOURTH                      00003BFF
_WRT_256                          00003DFF
_WRT_HALF                         000039FF
_WRT_OFF                          00003FFF
_XT_OSC                           00003FFD
__16F877A                         00000001
checkDecrementar                  00000041
checkIncrementar                  00000033
checkMax                          00000056
checkNumber                       00000076
checkZero                         0000004F
confirmNumber                     0000005D
conta                             00000002
continueDecrement                 00000042
continueIncrement                 00000034
decrementar                       0000002F
delay_ms                          00000001
incrementPulse                    00000072
incrementar                       0000002B
inicio                            0000000E
loop                              00000021
number                            00000023
pulse                             00000065
secondLoop                        00000061
tempo0                            00000020
tempo1                            00000021
tempo2                            00000022

MPASM 5.87                          MAIN.ASM   7-30-2021  15:58:21         PAGE 13





Errors   :     0
Warnings :     3 reported,     0 suppressed
Messages :    11 reported,     0 suppressed

